2024-03-09 23:26:18,609 - INFO - Starting game
2024-03-09 23:26:18,610 - INFO - Initializing Main object
2024-03-09 23:26:19,158 - INFO - Initializing Snake object
2024-03-09 23:26:19,158 - INFO - Importing surfaces for Snake
2024-03-09 23:26:19,171 - INFO - Updating body of Snake
2024-03-09 23:26:19,171 - INFO - Initializing Apple object
2024-03-09 23:26:19,171 - INFO - Setting position for Apple
2024-03-09 23:26:19,172 - INFO - Initializing SettingsMenu object
2024-03-09 23:26:19,175 - INFO - Loading high scores
2024-03-09 23:26:19,177 - INFO - Saving high scores
2024-03-09 23:26:19,178 - INFO - Displaying start screen
2024-03-09 23:26:19,217 - INFO - Rendering text surfaces
2024-03-09 23:26:19,253 - INFO - Rendering text surfaces
2024-03-09 23:26:19,285 - INFO - Rendering text surfaces
2024-03-09 23:26:19,314 - INFO - Rendering text surfaces
2024-03-09 23:26:19,339 - INFO - Rendering text surfaces
2024-03-09 23:26:19,371 - INFO - Rendering text surfaces
2024-03-09 23:26:19,400 - INFO - Rendering text surfaces
2024-03-09 23:26:19,432 - INFO - Rendering text surfaces
2024-03-09 23:26:19,464 - INFO - Rendering text surfaces
2024-03-09 23:26:19,495 - INFO - Rendering text surfaces
2024-03-09 23:26:19,525 - INFO - Rendering text surfaces
2024-03-09 23:26:19,558 - INFO - Rendering text surfaces
2024-03-09 23:26:19,587 - INFO - Rendering text surfaces
2024-03-09 23:26:19,617 - INFO - Rendering text surfaces
2024-03-09 23:26:19,646 - INFO - Rendering text surfaces
2024-03-09 23:26:19,673 - INFO - Rendering text surfaces
2024-03-09 23:26:19,699 - INFO - Rendering text surfaces
2024-03-09 23:26:19,727 - INFO - Rendering text surfaces
2024-03-09 23:26:19,753 - INFO - Rendering text surfaces
2024-03-09 23:26:19,780 - INFO - Rendering text surfaces
2024-03-09 23:26:19,804 - INFO - Rendering text surfaces
2024-03-09 23:26:19,830 - INFO - Rendering text surfaces
2024-03-09 23:26:19,854 - INFO - Rendering text surfaces
2024-03-09 23:26:19,879 - INFO - Rendering text surfaces
2024-03-09 23:26:19,904 - INFO - Rendering text surfaces
2024-03-09 23:26:19,930 - INFO - Rendering text surfaces
2024-03-09 23:26:19,954 - INFO - Rendering text surfaces
2024-03-09 23:26:19,980 - INFO - Rendering text surfaces
2024-03-09 23:26:20,005 - INFO - Rendering text surfaces
2024-03-09 23:26:20,031 - INFO - Rendering text surfaces
2024-03-09 23:26:20,055 - INFO - Rendering text surfaces
2024-03-09 23:26:20,080 - INFO - Rendering text surfaces
2024-03-09 23:26:20,105 - INFO - Rendering text surfaces
2024-03-09 23:26:20,132 - INFO - Rendering text surfaces
2024-03-09 23:26:20,156 - INFO - Rendering text surfaces
2024-03-09 23:26:20,182 - INFO - Rendering text surfaces
2024-03-09 23:26:20,206 - INFO - Rendering text surfaces
2024-03-09 23:26:20,231 - INFO - Rendering text surfaces
2024-03-09 23:26:20,256 - INFO - Rendering text surfaces
2024-03-09 23:26:20,283 - INFO - Rendering text surfaces
2024-03-09 23:26:20,308 - INFO - Rendering text surfaces
2024-03-09 23:26:20,334 - INFO - Rendering text surfaces
2024-03-09 23:26:20,362 - INFO - Rendering text surfaces
2024-03-09 23:26:20,391 - INFO - Rendering text surfaces
2024-03-09 23:26:20,419 - INFO - Rendering text surfaces
2024-03-09 23:26:20,451 - INFO - Rendering text surfaces
2024-03-09 23:26:20,478 - INFO - Rendering text surfaces
2024-03-09 23:26:20,502 - INFO - Rendering text surfaces
2024-03-09 23:26:20,527 - INFO - Rendering text surfaces
2024-03-09 23:26:20,551 - INFO - Rendering text surfaces
2024-03-09 23:26:20,577 - INFO - Rendering text surfaces
2024-03-09 23:26:20,601 - INFO - Rendering text surfaces
2024-03-09 23:26:20,627 - INFO - Rendering text surfaces
2024-03-09 23:26:20,651 - INFO - Rendering text surfaces
2024-03-09 23:26:20,677 - INFO - Rendering text surfaces
2024-03-09 23:26:20,701 - INFO - Rendering text surfaces
2024-03-09 23:26:20,727 - INFO - Rendering text surfaces
2024-03-09 23:26:20,751 - INFO - Rendering text surfaces
2024-03-09 23:26:20,777 - INFO - Rendering text surfaces
2024-03-09 23:26:20,802 - INFO - Rendering text surfaces
2024-03-09 23:26:20,828 - INFO - Rendering text surfaces
2024-03-09 23:26:20,853 - INFO - Rendering text surfaces
2024-03-09 23:26:20,879 - INFO - Rendering text surfaces
2024-03-09 23:26:20,903 - INFO - Rendering text surfaces
2024-03-09 23:26:20,929 - INFO - Rendering text surfaces
2024-03-09 23:26:20,952 - INFO - Rendering text surfaces
2024-03-09 23:26:20,977 - INFO - Rendering text surfaces
2024-03-09 23:26:21,001 - INFO - Rendering text surfaces
2024-03-09 23:26:21,028 - INFO - Rendering text surfaces
2024-03-09 23:26:21,051 - INFO - Rendering text surfaces
2024-03-09 23:26:21,076 - INFO - Rendering text surfaces
2024-03-09 23:26:21,101 - INFO - Rendering text surfaces
2024-03-09 23:26:21,128 - INFO - Rendering text surfaces
2024-03-09 23:26:21,151 - INFO - Rendering text surfaces
2024-03-09 23:26:21,178 - INFO - Rendering text surfaces
2024-03-09 23:26:21,203 - INFO - Rendering text surfaces
2024-03-09 23:26:21,228 - INFO - Rendering text surfaces
2024-03-09 23:26:21,251 - INFO - Rendering text surfaces
2024-03-09 23:26:21,276 - INFO - Rendering text surfaces
2024-03-09 23:26:21,300 - INFO - Rendering text surfaces
2024-03-09 23:26:21,328 - INFO - Rendering text surfaces
2024-03-09 23:26:21,351 - INFO - Rendering text surfaces
2024-03-09 23:26:21,377 - INFO - Rendering text surfaces
2024-03-09 23:26:21,400 - INFO - Rendering text surfaces
2024-03-09 23:26:21,427 - INFO - Rendering text surfaces
2024-03-09 23:26:21,450 - INFO - Rendering text surfaces
2024-03-09 23:26:21,477 - INFO - Rendering text surfaces
2024-03-09 23:26:21,501 - INFO - Rendering text surfaces
2024-03-09 23:26:21,527 - INFO - Rendering text surfaces
2024-03-09 23:26:21,550 - INFO - Rendering text surfaces
2024-03-09 23:26:21,577 - INFO - Rendering text surfaces
2024-03-09 23:26:21,601 - INFO - Rendering text surfaces
2024-03-09 23:26:21,627 - INFO - Rendering text surfaces
2024-03-09 23:26:21,650 - INFO - Rendering text surfaces
2024-03-09 23:26:21,677 - INFO - Rendering text surfaces
2024-03-09 23:26:21,701 - INFO - Rendering text surfaces
2024-03-09 23:26:21,727 - INFO - Rendering text surfaces
2024-03-09 23:26:21,750 - INFO - Rendering text surfaces
2024-03-09 23:26:21,777 - INFO - Rendering text surfaces
2024-03-09 23:26:21,800 - INFO - Rendering text surfaces
2024-03-09 23:26:21,827 - INFO - Rendering text surfaces
2024-03-09 23:26:21,851 - INFO - Rendering text surfaces
2024-03-09 23:26:21,877 - INFO - Rendering text surfaces
2024-03-09 23:26:21,900 - INFO - Rendering text surfaces
2024-03-09 23:26:21,927 - INFO - Rendering text surfaces
2024-03-09 23:26:21,950 - INFO - Rendering text surfaces
2024-03-09 23:26:21,978 - INFO - Rendering text surfaces
2024-03-09 23:26:22,001 - INFO - Rendering text surfaces
2024-03-09 23:26:22,027 - INFO - Rendering text surfaces
2024-03-09 23:26:22,051 - INFO - Rendering text surfaces
2024-03-09 23:26:22,076 - INFO - Rendering text surfaces
2024-03-09 23:26:22,100 - INFO - Rendering text surfaces
2024-03-09 23:26:22,127 - INFO - Rendering text surfaces
2024-03-09 23:26:22,149 - INFO - Rendering text surfaces
2024-03-09 23:26:22,177 - INFO - Rendering text surfaces
2024-03-09 23:26:22,200 - INFO - Rendering text surfaces
2024-03-09 23:26:22,227 - INFO - Rendering text surfaces
2024-03-09 23:26:22,251 - INFO - Rendering text surfaces
2024-03-09 23:26:22,277 - INFO - Rendering text surfaces
2024-03-09 23:26:22,300 - INFO - Rendering text surfaces
2024-03-09 23:26:22,327 - INFO - Rendering text surfaces
2024-03-09 23:26:22,351 - INFO - Rendering text surfaces
2024-03-09 23:26:22,377 - INFO - Rendering text surfaces
2024-03-09 23:26:22,400 - INFO - Rendering text surfaces
2024-03-09 23:26:22,427 - INFO - Rendering text surfaces
2024-03-09 23:26:22,451 - INFO - Rendering text surfaces
2024-03-09 23:26:22,476 - INFO - Rendering text surfaces
2024-03-09 23:26:22,501 - INFO - Rendering text surfaces
2024-03-09 23:26:22,528 - INFO - Rendering text surfaces
2024-03-09 23:26:22,553 - INFO - Rendering text surfaces
2024-03-09 23:26:22,578 - INFO - Rendering text surfaces
2024-03-09 23:26:22,601 - INFO - Rendering text surfaces
2024-03-09 23:26:22,627 - INFO - Rendering text surfaces
2024-03-09 23:26:22,650 - INFO - Rendering text surfaces
2024-03-09 23:26:22,677 - INFO - Rendering text surfaces
2024-03-09 23:26:22,701 - INFO - Rendering text surfaces
2024-03-09 23:26:22,727 - INFO - Rendering text surfaces
2024-03-09 23:26:22,751 - INFO - Rendering text surfaces
2024-03-09 23:26:22,777 - INFO - Rendering text surfaces
2024-03-09 23:26:22,801 - INFO - Rendering text surfaces
2024-03-09 23:26:22,827 - INFO - Rendering text surfaces
2024-03-09 23:26:22,850 - INFO - Rendering text surfaces
2024-03-09 23:26:22,876 - INFO - Rendering text surfaces
2024-03-09 23:26:22,900 - INFO - Rendering text surfaces
2024-03-09 23:26:22,927 - INFO - Rendering text surfaces
2024-03-09 23:26:22,951 - INFO - Rendering text surfaces
2024-03-09 23:26:22,977 - INFO - Rendering text surfaces
2024-03-09 23:26:23,000 - INFO - Rendering text surfaces
2024-03-09 23:26:23,027 - INFO - Rendering text surfaces
2024-03-09 23:26:23,050 - INFO - Rendering text surfaces
2024-03-09 23:26:23,076 - INFO - Rendering text surfaces
2024-03-09 23:26:23,100 - INFO - Rendering text surfaces
2024-03-09 23:26:23,127 - INFO - Rendering text surfaces
2024-03-09 23:26:23,151 - INFO - Rendering text surfaces
2024-03-09 23:26:23,177 - INFO - Rendering text surfaces
2024-03-09 23:26:23,200 - INFO - Rendering text surfaces
2024-03-09 23:26:23,227 - INFO - Rendering text surfaces
2024-03-09 23:26:23,251 - INFO - Rendering text surfaces
2024-03-09 23:26:23,277 - INFO - Rendering text surfaces
2024-03-09 23:26:23,302 - INFO - Rendering text surfaces
2024-03-09 23:26:23,327 - INFO - Rendering text surfaces
2024-03-09 23:26:23,351 - INFO - Rendering text surfaces
2024-03-09 23:26:23,377 - INFO - Rendering text surfaces
2024-03-09 23:26:23,401 - INFO - Rendering text surfaces
2024-03-09 23:26:23,427 - INFO - Rendering text surfaces
2024-03-09 23:26:23,452 - INFO - Rendering text surfaces
2024-03-09 23:26:23,477 - INFO - Rendering text surfaces
2024-03-09 23:26:23,500 - INFO - Rendering text surfaces
2024-03-09 23:26:23,526 - INFO - Rendering text surfaces
2024-03-09 23:26:23,550 - INFO - Rendering text surfaces
2024-03-09 23:26:23,577 - INFO - Rendering text surfaces
2024-03-09 23:26:23,600 - INFO - Rendering text surfaces
2024-03-09 23:26:23,626 - INFO - Rendering text surfaces
2024-03-09 23:26:23,650 - INFO - Rendering text surfaces
2024-03-09 23:26:23,677 - INFO - Rendering text surfaces
2024-03-09 23:26:23,700 - INFO - Rendering text surfaces
2024-03-09 23:26:23,726 - INFO - Rendering text surfaces
2024-03-09 23:26:23,750 - INFO - Rendering text surfaces
2024-03-09 23:26:23,777 - INFO - Rendering text surfaces
2024-03-09 23:26:23,800 - INFO - Rendering text surfaces
2024-03-09 23:26:23,827 - INFO - Rendering text surfaces
2024-03-09 23:26:23,852 - INFO - Rendering text surfaces
2024-03-09 23:26:23,877 - INFO - Rendering text surfaces
2024-03-09 23:26:23,900 - INFO - Rendering text surfaces
2024-03-09 23:26:23,927 - INFO - Rendering text surfaces
2024-03-09 23:26:23,951 - INFO - Rendering text surfaces
2024-03-09 23:26:23,977 - INFO - Rendering text surfaces
2024-03-09 23:26:24,000 - INFO - Rendering text surfaces
2024-03-09 23:26:24,027 - INFO - Rendering text surfaces
2024-03-09 23:26:24,052 - INFO - Rendering text surfaces
2024-03-09 23:26:24,077 - INFO - Rendering text surfaces
2024-03-09 23:26:24,100 - INFO - Rendering text surfaces
2024-03-09 23:26:24,127 - INFO - Rendering text surfaces
2024-03-09 23:26:24,150 - INFO - Rendering text surfaces
2024-03-09 23:26:24,176 - INFO - Rendering text surfaces
2024-03-09 23:26:24,201 - INFO - Rendering text surfaces
2024-03-09 23:26:24,227 - INFO - Rendering text surfaces
2024-03-09 23:26:24,250 - INFO - Rendering text surfaces
2024-03-09 23:26:24,277 - INFO - Rendering text surfaces
2024-03-09 23:26:24,300 - INFO - Rendering text surfaces
2024-03-09 23:26:24,327 - INFO - Rendering text surfaces
2024-03-09 23:26:24,350 - INFO - Rendering text surfaces
2024-03-09 23:26:24,377 - INFO - Rendering text surfaces
2024-03-09 23:26:24,400 - INFO - Rendering text surfaces
2024-03-09 23:26:24,427 - INFO - Rendering text surfaces
2024-03-09 23:26:24,450 - INFO - Rendering text surfaces
2024-03-09 23:26:24,477 - INFO - Rendering text surfaces
2024-03-09 23:26:24,502 - INFO - Rendering text surfaces
2024-03-09 23:26:24,528 - INFO - Rendering text surfaces
2024-03-09 23:26:24,551 - INFO - Rendering text surfaces
2024-03-09 23:26:24,577 - INFO - Rendering text surfaces
2024-03-09 23:26:24,600 - INFO - Rendering text surfaces
2024-03-09 23:26:24,627 - INFO - Rendering text surfaces
2024-03-09 23:26:24,650 - INFO - Rendering text surfaces
2024-03-09 23:26:24,677 - INFO - Rendering text surfaces
2024-03-09 23:26:24,701 - INFO - Rendering text surfaces
2024-03-09 23:26:24,727 - INFO - Rendering text surfaces
2024-03-09 23:26:24,750 - INFO - Rendering text surfaces
2024-03-09 23:26:24,777 - INFO - Rendering text surfaces
2024-03-09 23:26:24,801 - INFO - Rendering text surfaces
2024-03-09 23:26:24,831 - INFO - Rendering text surfaces
2024-03-09 23:26:24,857 - INFO - Rendering text surfaces
2024-03-09 23:26:24,884 - INFO - Rendering text surfaces
2024-03-09 23:26:24,914 - INFO - Rendering text surfaces
2024-03-09 23:26:24,944 - INFO - Rendering text surfaces
2024-03-09 23:26:24,969 - INFO - Rendering text surfaces
2024-03-09 23:26:24,995 - INFO - Rendering text surfaces
2024-03-09 23:26:25,026 - INFO - Rendering text surfaces
2024-03-09 23:26:25,064 - INFO - Rendering text surfaces
2024-03-09 23:26:25,101 - INFO - Rendering text surfaces
2024-03-09 23:26:25,133 - INFO - Rendering text surfaces
2024-03-09 23:26:25,164 - INFO - Rendering text surfaces
2024-03-09 23:26:25,195 - INFO - Rendering text surfaces
2024-03-09 23:26:25,223 - INFO - Rendering text surfaces
2024-03-09 23:26:25,252 - INFO - Rendering text surfaces
2024-03-09 23:26:25,282 - INFO - Rendering text surfaces
2024-03-09 23:26:25,317 - INFO - Rendering text surfaces
2024-03-09 23:26:25,358 - INFO - Rendering text surfaces
2024-03-09 23:26:25,388 - INFO - Rendering text surfaces
2024-03-09 23:26:25,422 - INFO - Rendering text surfaces
2024-03-09 23:26:25,455 - INFO - Rendering text surfaces
2024-03-09 23:26:25,487 - INFO - Rendering text surfaces
2024-03-09 23:26:25,530 - INFO - Rendering text surfaces
2024-03-09 23:26:25,582 - INFO - Rendering text surfaces
2024-03-09 23:26:25,619 - INFO - Rendering text surfaces
2024-03-09 23:26:25,664 - INFO - Rendering text surfaces
2024-03-09 23:26:25,707 - INFO - Rendering text surfaces
2024-03-09 23:26:25,757 - INFO - Rendering text surfaces
2024-03-09 23:26:25,798 - INFO - Rendering text surfaces
2024-03-09 23:26:25,832 - INFO - Rendering text surfaces
2024-03-09 23:26:25,861 - INFO - Rendering text surfaces
2024-03-09 23:26:25,888 - INFO - Rendering text surfaces
2024-03-09 23:26:25,922 - INFO - Rendering text surfaces
2024-03-09 23:26:25,949 - INFO - Rendering text surfaces
2024-03-09 23:26:25,973 - INFO - Rendering text surfaces
2024-03-09 23:26:26,005 - INFO - Rendering text surfaces
2024-03-09 23:26:26,035 - INFO - Rendering text surfaces
2024-03-09 23:26:26,065 - INFO - Rendering text surfaces
2024-03-09 23:26:26,092 - INFO - Rendering text surfaces
2024-03-09 23:26:26,118 - INFO - Rendering text surfaces
2024-03-09 23:26:26,146 - INFO - Rendering text surfaces
2024-03-09 23:26:26,171 - INFO - Rendering text surfaces
2024-03-09 23:26:26,199 - INFO - Rendering text surfaces
2024-03-09 23:26:26,223 - INFO - Rendering text surfaces
2024-03-09 23:26:26,247 - INFO - Rendering text surfaces
2024-03-09 23:26:26,271 - INFO - Rendering text surfaces
2024-03-09 23:26:26,297 - INFO - Rendering text surfaces
2024-03-09 23:26:26,321 - INFO - Rendering text surfaces
2024-03-09 23:26:26,347 - INFO - Rendering text surfaces
2024-03-09 23:26:26,372 - INFO - Rendering text surfaces
2024-03-09 23:26:26,398 - INFO - Rendering text surfaces
2024-03-09 23:26:26,421 - INFO - Rendering text surfaces
2024-03-09 23:26:26,452 - INFO - Rendering text surfaces
2024-03-09 23:26:26,481 - INFO - Rendering text surfaces
2024-03-09 23:26:26,511 - INFO - Rendering text surfaces
2024-03-09 23:26:26,537 - INFO - Rendering text surfaces
2024-03-09 23:26:26,564 - INFO - Rendering text surfaces
2024-03-09 23:26:26,590 - INFO - Rendering text surfaces
2024-03-09 23:26:26,615 - INFO - Rendering text surfaces
2024-03-09 23:26:26,645 - INFO - Rendering text surfaces
2024-03-09 23:26:26,670 - INFO - Rendering text surfaces
2024-03-09 23:26:26,697 - INFO - Rendering text surfaces
2024-03-09 23:26:26,721 - INFO - Rendering text surfaces
2024-03-09 23:26:26,750 - INFO - Rendering text surfaces
2024-03-09 23:26:26,774 - INFO - Rendering text surfaces
2024-03-09 23:26:26,800 - INFO - Rendering text surfaces
2024-03-09 23:26:26,830 - INFO - Rendering text surfaces
2024-03-09 23:26:26,854 - INFO - Rendering text surfaces
2024-03-09 23:26:26,881 - INFO - Rendering text surfaces
2024-03-09 23:26:26,905 - INFO - Rendering text surfaces
2024-03-09 23:26:26,932 - INFO - Rendering text surfaces
2024-03-09 23:26:26,960 - INFO - Rendering text surfaces
2024-03-09 23:26:26,985 - INFO - Rendering text surfaces
2024-03-09 23:26:27,013 - INFO - Rendering text surfaces
2024-03-09 23:26:27,036 - INFO - Rendering text surfaces
2024-03-09 23:26:27,062 - INFO - Rendering text surfaces
2024-03-09 23:26:27,086 - INFO - Rendering text surfaces
2024-03-09 23:26:27,113 - INFO - Rendering text surfaces
2024-03-09 23:26:27,137 - INFO - Rendering text surfaces
2024-03-09 23:26:27,164 - INFO - Rendering text surfaces
2024-03-09 23:26:27,188 - INFO - Rendering text surfaces
2024-03-09 23:26:27,215 - INFO - Rendering text surfaces
2024-03-09 23:26:27,238 - INFO - Rendering text surfaces
2024-03-09 23:26:27,266 - INFO - Rendering text surfaces
2024-03-09 23:26:27,292 - INFO - Rendering text surfaces
2024-03-09 23:26:27,319 - INFO - Rendering text surfaces
2024-03-09 23:26:27,347 - INFO - Rendering text surfaces
2024-03-09 23:26:27,369 - INFO - Rendering text surfaces
2024-03-09 23:26:27,398 - INFO - Rendering text surfaces
2024-03-09 23:26:27,424 - INFO - Rendering text surfaces
2024-03-09 23:26:27,450 - INFO - Rendering text surfaces
2024-03-09 23:26:27,479 - INFO - Rendering text surfaces
2024-03-09 23:26:27,503 - INFO - Rendering text surfaces
2024-03-09 23:26:27,530 - INFO - Rendering text surfaces
2024-03-09 23:26:27,555 - INFO - Rendering text surfaces
2024-03-09 23:26:27,582 - INFO - Rendering text surfaces
2024-03-09 23:26:27,606 - INFO - Rendering text surfaces
2024-03-09 23:26:27,630 - INFO - Rendering text surfaces
2024-03-09 23:26:27,655 - INFO - Rendering text surfaces
2024-03-09 23:26:27,681 - INFO - Rendering text surfaces
2024-03-09 23:26:27,705 - INFO - Rendering text surfaces
2024-03-09 23:26:27,731 - INFO - Rendering text surfaces
2024-03-09 23:26:27,754 - INFO - Rendering text surfaces
2024-03-09 23:26:27,781 - INFO - Rendering text surfaces
2024-03-09 23:26:27,807 - INFO - Rendering text surfaces
2024-03-09 23:26:27,835 - INFO - Rendering text surfaces
2024-03-09 23:26:27,865 - INFO - Rendering text surfaces
2024-03-09 23:26:27,896 - INFO - Rendering text surfaces
2024-03-09 23:26:27,925 - INFO - Rendering text surfaces
2024-03-09 23:26:27,953 - INFO - Rendering text surfaces
2024-03-09 23:26:27,982 - INFO - Rendering text surfaces
2024-03-09 23:26:28,008 - INFO - Rendering text surfaces
2024-03-09 23:26:28,037 - INFO - Rendering text surfaces
2024-03-09 23:26:28,071 - INFO - Rendering text surfaces
2024-03-09 23:26:28,098 - INFO - Rendering text surfaces
2024-03-09 23:26:28,124 - INFO - Rendering text surfaces
2024-03-09 23:26:28,149 - INFO - Rendering text surfaces
2024-03-09 23:26:28,181 - INFO - Rendering text surfaces
2024-03-09 23:26:28,206 - INFO - Rendering text surfaces
2024-03-09 23:26:28,231 - INFO - Rendering text surfaces
2024-03-09 23:26:28,258 - INFO - Rendering text surfaces
2024-03-09 23:26:28,286 - INFO - Rendering text surfaces
2024-03-09 23:26:28,323 - INFO - Rendering text surfaces
2024-03-09 23:26:28,369 - INFO - Rendering text surfaces
2024-03-09 23:26:28,405 - INFO - Rendering text surfaces
2024-03-09 23:26:28,437 - INFO - Rendering text surfaces
2024-03-09 23:26:28,467 - INFO - Rendering text surfaces
2024-03-09 23:26:28,496 - INFO - Rendering text surfaces
2024-03-09 23:26:28,520 - INFO - Rendering text surfaces
2024-03-09 23:26:28,550 - INFO - Rendering text surfaces
2024-03-09 23:26:28,573 - INFO - Rendering text surfaces
2024-03-09 23:26:28,600 - INFO - Rendering text surfaces
2024-03-09 23:26:28,629 - INFO - Rendering text surfaces
2024-03-09 23:26:28,654 - INFO - Rendering text surfaces
2024-03-09 23:26:28,684 - INFO - Rendering text surfaces
2024-03-09 23:26:28,707 - INFO - Rendering text surfaces
2024-03-09 23:26:28,736 - INFO - Rendering text surfaces
2024-03-09 23:26:28,767 - INFO - Rendering text surfaces
2024-03-09 23:26:28,802 - INFO - Rendering text surfaces
2024-03-09 23:26:28,836 - INFO - Rendering text surfaces
2024-03-09 23:26:28,870 - INFO - Rendering text surfaces
2024-03-09 23:26:28,903 - INFO - Rendering text surfaces
2024-03-09 23:26:28,935 - INFO - Rendering text surfaces
2024-03-09 23:26:28,966 - INFO - Rendering text surfaces
2024-03-09 23:26:28,998 - INFO - Rendering text surfaces
2024-03-09 23:26:29,031 - INFO - Rendering text surfaces
2024-03-09 23:26:29,058 - INFO - Rendering text surfaces
2024-03-09 23:26:29,084 - INFO - Rendering text surfaces
2024-03-09 23:26:29,115 - INFO - Rendering text surfaces
2024-03-09 23:26:29,138 - INFO - Rendering text surfaces
2024-03-09 23:26:29,166 - INFO - Rendering text surfaces
2024-03-09 23:26:29,192 - INFO - Rendering text surfaces
2024-03-09 23:26:29,221 - INFO - Rendering text surfaces
2024-03-09 23:26:29,250 - INFO - Rendering text surfaces
2024-03-09 23:26:29,276 - INFO - Rendering text surfaces
2024-03-09 23:26:29,304 - INFO - Rendering text surfaces
2024-03-09 23:26:29,332 - INFO - Rendering text surfaces
2024-03-09 23:26:29,358 - INFO - Rendering text surfaces
2024-03-09 23:26:29,385 - INFO - Rendering text surfaces
2024-03-09 23:26:29,416 - INFO - Rendering text surfaces
2024-03-09 23:26:29,445 - INFO - Rendering text surfaces
2024-03-09 23:26:29,473 - INFO - Rendering text surfaces
2024-03-09 23:26:29,500 - INFO - Rendering text surfaces
2024-03-09 23:26:29,530 - INFO - Rendering text surfaces
2024-03-09 23:26:29,556 - INFO - Rendering text surfaces
2024-03-09 23:26:29,581 - INFO - Rendering text surfaces
2024-03-09 23:26:29,610 - INFO - Rendering text surfaces
2024-03-09 23:26:29,636 - INFO - Rendering text surfaces
2024-03-09 23:26:29,665 - INFO - Rendering text surfaces
2024-03-09 23:26:29,689 - INFO - Rendering text surfaces
2024-03-09 23:26:29,717 - INFO - Rendering text surfaces
2024-03-09 23:26:29,747 - INFO - Rendering text surfaces
2024-03-09 23:26:29,771 - INFO - Rendering text surfaces
2024-03-09 23:26:29,800 - INFO - Rendering text surfaces
2024-03-09 23:26:29,824 - INFO - Rendering text surfaces
2024-03-09 23:26:29,854 - INFO - Rendering text surfaces
2024-03-09 23:26:29,882 - INFO - Rendering text surfaces
2024-03-09 23:26:29,907 - INFO - Rendering text surfaces
2024-03-09 23:26:29,934 - INFO - Rendering text surfaces
2024-03-09 23:26:29,963 - INFO - Rendering text surfaces
2024-03-09 23:26:29,990 - INFO - Rendering text surfaces
2024-03-09 23:26:30,016 - INFO - Rendering text surfaces
2024-03-09 23:26:30,045 - INFO - Rendering text surfaces
2024-03-09 23:26:30,072 - INFO - Rendering text surfaces
2024-03-09 23:26:30,097 - INFO - Rendering text surfaces
2024-03-09 23:26:30,123 - INFO - Rendering text surfaces
2024-03-09 23:26:30,149 - INFO - Rendering text surfaces
2024-03-09 23:26:30,179 - INFO - Rendering text surfaces
2024-03-09 23:26:30,207 - INFO - Rendering text surfaces
2024-03-09 23:26:30,234 - INFO - Rendering text surfaces
2024-03-09 23:26:30,263 - INFO - Rendering text surfaces
2024-03-09 23:26:30,290 - INFO - Rendering text surfaces
2024-03-09 23:26:30,317 - INFO - Rendering text surfaces
2024-03-09 23:26:30,347 - INFO - Rendering text surfaces
2024-03-09 23:26:30,372 - INFO - Rendering text surfaces
2024-03-09 23:26:30,398 - INFO - Rendering text surfaces
2024-03-09 23:26:30,427 - INFO - Rendering text surfaces
2024-03-09 23:26:30,454 - INFO - Rendering text surfaces
2024-03-09 23:26:30,482 - INFO - Rendering text surfaces
2024-03-09 23:26:30,505 - INFO - Rendering text surfaces
2024-03-09 23:26:30,532 - INFO - Rendering text surfaces
2024-03-09 23:26:30,562 - INFO - Rendering text surfaces
2024-03-09 23:26:30,587 - INFO - Rendering text surfaces
2024-03-09 23:26:30,618 - INFO - Rendering text surfaces
2024-03-09 23:26:30,648 - INFO - Rendering text surfaces
2024-03-09 23:26:30,674 - INFO - Rendering text surfaces
2024-03-09 23:26:30,701 - INFO - Rendering text surfaces
2024-03-09 23:26:30,732 - INFO - Rendering text surfaces
2024-03-09 23:26:30,756 - INFO - Rendering text surfaces
2024-03-09 23:26:30,782 - INFO - Rendering text surfaces
2024-03-09 23:26:30,811 - INFO - Rendering text surfaces
2024-03-09 23:26:30,838 - INFO - Rendering text surfaces
2024-03-09 23:26:30,867 - INFO - Rendering text surfaces
2024-03-09 23:26:30,898 - INFO - Rendering text surfaces
2024-03-09 23:26:30,922 - INFO - Rendering text surfaces
2024-03-09 23:26:30,953 - INFO - Rendering text surfaces
2024-03-09 23:26:30,983 - INFO - Rendering text surfaces
2024-03-09 23:26:31,009 - INFO - Rendering text surfaces
2024-03-09 23:26:31,035 - INFO - Rendering text surfaces
2024-03-09 23:26:31,063 - INFO - Rendering text surfaces
2024-03-09 23:26:31,089 - INFO - Rendering text surfaces
2024-03-09 23:26:31,114 - INFO - Rendering text surfaces
2024-03-09 23:26:31,140 - INFO - Rendering text surfaces
2024-03-09 23:26:31,167 - INFO - Rendering text surfaces
2024-03-09 23:26:31,199 - INFO - Rendering text surfaces
2024-03-09 23:26:31,224 - INFO - Rendering text surfaces
2024-03-09 23:26:31,252 - INFO - Rendering text surfaces
2024-03-09 23:26:31,281 - INFO - Rendering text surfaces
2024-03-09 23:26:31,306 - INFO - Rendering text surfaces
2024-03-09 23:26:31,334 - INFO - Rendering text surfaces
2024-03-09 23:26:31,365 - INFO - Rendering text surfaces
2024-03-09 23:26:31,389 - INFO - Rendering text surfaces
2024-03-09 23:26:31,418 - INFO - Rendering text surfaces
2024-03-09 23:26:31,459 - INFO - Rendering text surfaces
2024-03-09 23:26:31,484 - INFO - Rendering text surfaces
2024-03-09 23:26:31,517 - INFO - Rendering text surfaces
2024-03-09 23:26:31,545 - INFO - Rendering text surfaces
2024-03-09 23:26:31,574 - INFO - Rendering text surfaces
2024-03-09 23:26:31,600 - INFO - Rendering text surfaces
2024-03-09 23:26:31,637 - INFO - Rendering text surfaces
2024-03-09 23:26:31,670 - INFO - Rendering text surfaces
2024-03-09 23:26:31,702 - INFO - Rendering text surfaces
2024-03-09 23:26:31,737 - INFO - Rendering text surfaces
2024-03-09 23:26:31,768 - INFO - Rendering text surfaces
2024-03-09 23:26:31,802 - INFO - Rendering text surfaces
2024-03-09 23:26:31,849 - INFO - Rendering text surfaces
2024-03-09 23:26:31,897 - INFO - Rendering text surfaces
2024-03-09 23:26:31,935 - INFO - Rendering text surfaces
2024-03-09 23:26:31,970 - INFO - Rendering text surfaces
2024-03-09 23:26:32,003 - INFO - Rendering text surfaces
2024-03-09 23:26:32,032 - INFO - Rendering text surfaces
2024-03-09 23:26:32,067 - INFO - Rendering text surfaces
2024-03-09 23:26:32,104 - INFO - Rendering text surfaces
2024-03-09 23:26:32,136 - INFO - Rendering text surfaces
2024-03-09 23:26:32,166 - INFO - Rendering text surfaces
2024-03-09 23:26:32,195 - INFO - Rendering text surfaces
2024-03-09 23:26:32,229 - INFO - Rendering text surfaces
2024-03-09 23:26:32,262 - INFO - Rendering text surfaces
2024-03-09 23:26:32,296 - INFO - Rendering text surfaces
2024-03-09 23:26:32,336 - INFO - Rendering text surfaces
2024-03-09 23:26:32,371 - INFO - Rendering text surfaces
2024-03-09 23:26:32,403 - INFO - Rendering text surfaces
2024-03-09 23:26:32,431 - INFO - Rendering text surfaces
2024-03-09 23:26:32,455 - INFO - Rendering text surfaces
2024-03-09 23:26:32,481 - INFO - Rendering text surfaces
2024-03-09 23:26:32,505 - INFO - Rendering text surfaces
2024-03-09 23:26:32,531 - INFO - Rendering text surfaces
2024-03-09 23:26:32,555 - INFO - Rendering text surfaces
2024-03-09 23:26:32,580 - INFO - Rendering text surfaces
2024-03-09 23:26:32,606 - INFO - Rendering text surfaces
2024-03-09 23:26:32,630 - INFO - Rendering text surfaces
2024-03-09 23:26:32,655 - INFO - Rendering text surfaces
2024-03-09 23:26:32,680 - INFO - Rendering text surfaces
2024-03-09 23:26:32,704 - INFO - Rendering text surfaces
2024-03-09 23:26:32,729 - INFO - Rendering text surfaces
2024-03-09 23:31:22,076 - INFO - Starting game
2024-03-09 23:31:22,076 - INFO - Initializing Main object
2024-03-09 23:31:22,465 - INFO - Initializing Snake object
2024-03-09 23:31:22,466 - INFO - Importing surfaces for Snake
2024-03-09 23:31:22,468 - INFO - Updating body of Snake
2024-03-09 23:31:22,469 - INFO - Initializing Apple object
2024-03-09 23:31:22,469 - INFO - Setting position for Apple
2024-03-09 23:31:22,470 - INFO - Initializing SettingsMenu object
2024-03-09 23:31:22,470 - INFO - Loading high scores
2024-03-09 23:31:22,471 - INFO - Saving high scores
2024-03-09 23:31:22,471 - INFO - Displaying start screen
2024-03-09 23:31:22,515 - INFO - Rendering text surfaces
2024-03-09 23:31:22,548 - INFO - Rendering text surfaces
2024-03-09 23:31:22,580 - INFO - Rendering text surfaces
2024-03-09 23:31:22,614 - INFO - Rendering text surfaces
2024-03-09 23:31:22,646 - INFO - Rendering text surfaces
2024-03-09 23:31:22,682 - INFO - Rendering text surfaces
2024-03-09 23:31:22,715 - INFO - Rendering text surfaces
2024-03-09 23:31:22,750 - INFO - Rendering text surfaces
2024-03-09 23:31:22,781 - INFO - Rendering text surfaces
2024-03-09 23:31:22,812 - INFO - Rendering text surfaces
2024-03-09 23:31:22,846 - INFO - Rendering text surfaces
2024-03-09 23:31:22,881 - INFO - Rendering text surfaces
2024-03-09 23:31:22,913 - INFO - Rendering text surfaces
2024-03-09 23:31:22,947 - INFO - Rendering text surfaces
2024-03-09 23:31:22,980 - INFO - Rendering text surfaces
2024-03-09 23:31:23,012 - INFO - Rendering text surfaces
2024-03-09 23:31:23,043 - INFO - Rendering text surfaces
2024-03-09 23:31:23,071 - INFO - Rendering text surfaces
2024-03-09 23:31:23,097 - INFO - Rendering text surfaces
2024-03-09 23:31:23,122 - INFO - Rendering text surfaces
2024-03-09 23:31:23,147 - INFO - Rendering text surfaces
2024-03-09 23:31:23,171 - INFO - Rendering text surfaces
2024-03-09 23:31:23,198 - INFO - Rendering text surfaces
2024-03-09 23:31:23,223 - INFO - Rendering text surfaces
2024-03-09 23:31:23,250 - INFO - Rendering text surfaces
2024-03-09 23:31:23,277 - INFO - Rendering text surfaces
2024-03-09 23:31:23,301 - INFO - Rendering text surfaces
2024-03-09 23:31:23,327 - INFO - Rendering text surfaces
